<?xml version="1.0" encoding="UTF-8"?>
<testng-results skipped="0" failed="0" ignored="0" total="2" passed="2">
  <reporter-output>
  </reporter-output>
  <suite name="Default suite" duration-ms="1989" started-at="2021-10-28T13:07:01 EDT" finished-at="2021-10-28T13:07:03 EDT">
    <groups>
    </groups>
    <test name="Default test" duration-ms="1989" started-at="2021-10-28T13:07:01 EDT" finished-at="2021-10-28T13:07:03 EDT">
      <class name="Api.Test01_GET">
        <test-method status="PASS" signature="test1()[pri:0, instance:Api.Test01_GET@627551fb]" name="test1" duration-ms="1404" started-at="2021-10-28T13:07:01 EDT" finished-at="2021-10-28T13:07:03 EDT">
          <reporter-output>
          </reporter-output>
        </test-method> <!-- test1 -->
        <test-method status="PASS" signature="test2()[pri:0, instance:Api.Test01_GET@627551fb]" name="test2" duration-ms="556" started-at="2021-10-28T13:07:03 EDT" finished-at="2021-10-28T13:07:03 EDT">
          <reporter-output>
          </reporter-output>
        </test-method> <!-- test2 -->
      </class> <!-- Api.Test01_GET -->
    </test> <!-- Default test -->
  </suite> <!-- Default suite -->
</testng-results>
